{
  "timestamp": "2025-12-06T16:53:25.232984",
  "headers": {
    "Host": "192.168.50.54:5001",
    "User-Agent": "Radarr/6.0.4.10291 (alpine 3.22.2)",
    "Connection": "close",
    "Accept": "application/json",
    "Accept-Encoding": "gzip, br",
    "Traceparent": "00-c913a8d466c305e8fa43a42d06f18d2d-5e102bc20f2e1c8f-00",
    "Content-Type": "application/json",
    "Content-Length": "607"
  },
  "payload": {
    "movie": {
      "id": 1,
      "title": "Test Title",
      "year": 1970,
      "releaseDate": "1970-01-01",
      "folderPath": "C:\\testpath",
      "tmdbId": 0,
      "tags": [
        "test-tag"
      ]
    },
    "remoteMovie": {
      "tmdbId": 1234,
      "imdbId": "5678",
      "title": "Test title",
      "year": 1970
    },
    "release": {
      "quality": "Test Quality",
      "qualityVersion": 1,
      "releaseGroup": "Test Group",
      "releaseTitle": "Test Title",
      "indexer": "Test Indexer",
      "size": 9999999,
      "customFormatScore": 0
    },
    "eventType": "Test",
    "instanceName": "Radarr",
    "applicationUrl": ""
  },
  "raw_body": "{\n  \"movie\": {\n    \"id\": 1,\n    \"title\": \"Test Title\",\n    \"year\": 1970,\n    \"releaseDate\": \"1970-01-01\",\n    \"folderPath\": \"C:\\\\testpath\",\n    \"tmdbId\": 0,\n    \"tags\": [\n      \"test-tag\"\n    ]\n  },\n  \"remoteMovie\": {\n    \"tmdbId\": 1234,\n    \"imdbId\": \"5678\",\n    \"title\": \"Test title\",\n    \"year\": 1970\n  },\n  \"release\": {\n    \"quality\": \"Test Quality\",\n    \"qualityVersion\": 1,\n    \"releaseGroup\": \"Test Group\",\n    \"releaseTitle\": \"Test Title\",\n    \"indexer\": \"Test Indexer\",\n    \"size\": 9999999,\n    \"customFormatScore\": 0\n  },\n  \"eventType\": \"Test\",\n  \"instanceName\": \"Radarr\",\n  \"applicationUrl\": \"\"\n}"
}

{
  "timestamp": "2025-12-06T17:03:05.041428",
  "headers": {
    "Host": "192.168.50.54:5001",
    "User-Agent": "Sonarr/4.0.16.2944 (alpine 3.22.2)",
    "Connection": "close",
    "Accept": "application/json",
    "Accept-Encoding": "gzip, br",
    "Traceparent": "00-f682ece4f209d53b067737293ce53042-7c174774c37a3d00-00",
    "Content-Type": "application/json",
    "Content-Length": "465"
  },
  "payload": {
    "series": {
      "id": 1,
      "title": "Test Title",
      "path": "C:\\testpath",
      "tvdbId": 1234,
      "tvMazeId": 0,
      "tmdbId": 0,
      "type": "standard",
      "year": 0,
      "tags": [
        "test-tag"
      ]
    },
    "episodes": [
      {
        "id": 123,
        "episodeNumber": 1,
        "seasonNumber": 1,
        "title": "Test title",
        "seriesId": 0,
        "tvdbId": 0
      }
    ],
    "eventType": "Test",
    "instanceName": "Sonarr",
    "applicationUrl": ""
  },
  "raw_body": "{\n  \"series\": {\n    \"id\": 1,\n    \"title\": \"Test Title\",\n    \"path\": \"C:\\\\testpath\",\n    \"tvdbId\": 1234,\n    \"tvMazeId\": 0,\n    \"tmdbId\": 0,\n    \"type\": \"standard\",\n    \"year\": 0,\n    \"tags\": [\n      \"test-tag\"\n    ]\n  },\n  \"episodes\": [\n    {\n      \"id\": 123,\n      \"episodeNumber\": 1,\n      \"seasonNumber\": 1,\n      \"title\": \"Test title\",\n      \"seriesId\": 0,\n      \"tvdbId\": 0\n    }\n  ],\n  \"eventType\": \"Test\",\n  \"instanceName\": \"Sonarr\",\n  \"applicationUrl\": \"\"\n}"
}

{
  "timestamp": "2025-12-06T17:03:09.198850",
  "headers": {
    "Host": "192.168.50.54:5001",
    "User-Agent": "Sonarr/4.0.16.2944 (alpine 3.22.2)",
    "Connection": "close",
    "Accept": "application/json",
    "Accept-Encoding": "gzip, br",
    "Traceparent": "00-f889eddd5f7ddf623135f9d147f8ed65-7f8db8d2be29d3de-00",
    "Content-Type": "application/json",
    "Content-Length": "465"
  },
  "payload": {
    "series": {
      "id": 1,
      "title": "Test Title",
      "path": "C:\\testpath",
      "tvdbId": 1234,
      "tvMazeId": 0,
      "tmdbId": 0,
      "type": "standard",
      "year": 0,
      "tags": [
        "test-tag"
      ]
    },
    "episodes": [
      {
        "id": 123,
        "episodeNumber": 1,
        "seasonNumber": 1,
        "title": "Test title",
        "seriesId": 0,
        "tvdbId": 0
      }
    ],
    "eventType": "Test",
    "instanceName": "Sonarr",
    "applicationUrl": ""
  },
  "raw_body": "{\n  \"series\": {\n    \"id\": 1,\n    \"title\": \"Test Title\",\n    \"path\": \"C:\\\\testpath\",\n    \"tvdbId\": 1234,\n    \"tvMazeId\": 0,\n    \"tmdbId\": 0,\n    \"type\": \"standard\",\n    \"year\": 0,\n    \"tags\": [\n      \"test-tag\"\n    ]\n  },\n  \"episodes\": [\n    {\n      \"id\": 123,\n      \"episodeNumber\": 1,\n      \"seasonNumber\": 1,\n      \"title\": \"Test title\",\n      \"seriesId\": 0,\n      \"tvdbId\": 0\n    }\n  ],\n  \"eventType\": \"Test\",\n  \"instanceName\": \"Sonarr\",\n  \"applicationUrl\": \"\"\n}"
}

{
  "timestamp": "2025-12-06T17:05:38.701761",
  "headers": {
    "Host": "192.168.50.54:5001",
    "User-Agent": "Sonarr/4.0.16.2944 (alpine 3.22.2)",
    "Connection": "close",
    "Accept": "application/json",
    "Accept-Encoding": "gzip, br",
    "Content-Type": "application/json",
    "Content-Length": "2315"
  },
  "payload": {
    "series": {
      "id": 12,
      "title": "Psych",
      "titleSlug": "psych",
      "path": "/media/library/tv/Psych",
      "tvdbId": 79335,
      "tvMazeId": 517,
      "tmdbId": 1447,
      "imdbId": "tt0491738",
      "type": "standard",
      "year": 2006,
      "genres": [
        "Comedy",
        "Crime",
        "Drama",
        "Mystery"
      ],
      "images": [
        {
          "coverType": "banner",
          "url": "/MediaCover/12/banner.jpg?lastWrite=639004914863208047",
          "remoteUrl": "https://artworks.thetvdb.com/banners/graphical/79335-g4.jpg"
        },
        {
          "coverType": "poster",
          "url": "/MediaCover/12/poster.jpg?lastWrite=639004914863308046",
          "remoteUrl": "https://artworks.thetvdb.com/banners/posters/79335-8.jpg"
        },
        {
          "coverType": "fanart",
          "url": "/MediaCover/12/fanart.jpg?lastWrite=639004914863498043",
          "remoteUrl": "https://artworks.thetvdb.com/banners/fanart/original/79335-18.jpg"
        },
        {
          "coverType": "clearlogo",
          "url": "/MediaCover/12/clearlogo.png?lastWrite=639004914863048050",
          "remoteUrl": "https://artworks.thetvdb.com/banners/v4/series/79335/clearlogo/611b5f273fd84.png"
        }
      ],
      "tags": [],
      "originalLanguage": {
        "id": 1,
        "name": "English"
      }
    },
    "episodes": [
      {
        "id": 804,
        "episodeNumber": 5,
        "seasonNumber": 0,
        "title": "Psych: The Movie",
        "overview": "The old gang comes together during the holidays after a mystery assailant targets one of their own.",
        "airDate": "2017-12-07",
        "airDateUtc": "2017-12-08T01:00:00Z",
        "seriesId": 12,
        "tvdbId": 6186418
      }
    ],
    "release": {
      "quality": "Bluray-1080p",
      "qualityVersion": 1,
      "releaseTitle": "Psych The Movie (2017) [1080p] [BluRay] [5.1] [YTS.MX]",
      "indexer": "BitSearch (Prowlarr)",
      "size": 1750199168,
      "customFormatScore": 0,
      "customFormats": [],
      "languages": [
        {
          "id": 1,
          "name": "English"
        }
      ]
    },
    "downloadClient": "qbittorrent",
    "downloadClientType": "qBittorrent",
    "downloadId": "E55A33FBC01490340D2505EB26754E488BA0D3B5",
    "customFormatInfo": {
      "customFormats": [],
      "customFormatScore": 0
    },
    "eventType": "Grab",
    "instanceName": "Sonarr",
    "applicationUrl": ""
  },
  "raw_body": "{\n  \"series\": {\n    \"id\": 12,\n    \"title\": \"Psych\",\n    \"titleSlug\": \"psych\",\n    \"path\": \"/media/library/tv/Psych\",\n    \"tvdbId\": 79335,\n    \"tvMazeId\": 517,\n    \"tmdbId\": 1447,\n    \"imdbId\": \"tt0491738\",\n    \"type\": \"standard\",\n    \"year\": 2006,\n    \"genres\": [\n      \"Comedy\",\n      \"Crime\",\n      \"Drama\",\n      \"Mystery\"\n    ],\n    \"images\": [\n      {\n        \"coverType\": \"banner\",\n        \"url\": \"/MediaCover/12/banner.jpg?lastWrite=639004914863208047\",\n        \"remoteUrl\": \"https://artworks.thetvdb.com/banners/graphical/79335-g4.jpg\"\n      },\n      {\n        \"coverType\": \"poster\",\n        \"url\": \"/MediaCover/12/poster.jpg?lastWrite=639004914863308046\",\n        \"remoteUrl\": \"https://artworks.thetvdb.com/banners/posters/79335-8.jpg\"\n      },\n      {\n        \"coverType\": \"fanart\",\n        \"url\": \"/MediaCover/12/fanart.jpg?lastWrite=639004914863498043\",\n        \"remoteUrl\": \"https://artworks.thetvdb.com/banners/fanart/original/79335-18.jpg\"\n      },\n      {\n        \"coverType\": \"clearlogo\",\n        \"url\": \"/MediaCover/12/clearlogo.png?lastWrite=639004914863048050\",\n        \"remoteUrl\": \"https://artworks.thetvdb.com/banners/v4/series/79335/clearlogo/611b5f273fd84.png\"\n      }\n    ],\n    \"tags\": [],\n    \"originalLanguage\": {\n      \"id\": 1,\n      \"name\": \"English\"\n    }\n  },\n  \"episodes\": [\n    {\n      \"id\": 804,\n      \"episodeNumber\": 5,\n      \"seasonNumber\": 0,\n      \"title\": \"Psych: The Movie\",\n      \"overview\": \"The old gang comes together during the holidays after a mystery assailant targets one of their own.\",\n      \"airDate\": \"2017-12-07\",\n      \"airDateUtc\": \"2017-12-08T01:00:00Z\",\n      \"seriesId\": 12,\n      \"tvdbId\": 6186418\n    }\n  ],\n  \"release\": {\n    \"quality\": \"Bluray-1080p\",\n    \"qualityVersion\": 1,\n    \"releaseTitle\": \"Psych The Movie (2017) [1080p] [BluRay] [5.1] [YTS.MX]\",\n    \"indexer\": \"BitSearch (Prowlarr)\",\n    \"size\": 1750199168,\n    \"customFormatScore\": 0,\n    \"customFormats\": [],\n    \"languages\": [\n      {\n        \"id\": 1,\n        \"name\": \"English\"\n      }\n    ]\n  },\n  \"downloadClient\": \"qbittorrent\",\n  \"downloadClientType\": \"qBittorrent\",\n  \"downloadId\": \"E55A33FBC01490340D2505EB26754E488BA0D3B5\",\n  \"customFormatInfo\": {\n    \"customFormats\": [],\n    \"customFormatScore\": 0\n  },\n  \"eventType\": \"Grab\",\n  \"instanceName\": \"Sonarr\",\n  \"applicationUrl\": \"\"\n}"
}

{
  "timestamp": "2025-12-06T17:25:42.061799",
  "headers": {
    "Host": "192.168.50.54:5001",
    "User-Agent": "Sonarr/4.0.16.2944 (alpine 3.22.2)",
    "Connection": "close",
    "Accept": "application/json",
    "Accept-Encoding": "gzip, br",
    "Content-Type": "application/json",
    "Content-Length": "2297"
  },
  "payload": {
    "series": {
      "id": 12,
      "title": "Psych",
      "titleSlug": "psych",
      "path": "/media/library/tv/Psych",
      "tvdbId": 79335,
      "tvMazeId": 517,
      "tmdbId": 1447,
      "imdbId": "tt0491738",
      "type": "standard",
      "year": 2006,
      "genres": [
        "Comedy",
        "Crime",
        "Drama",
        "Mystery"
      ],
      "images": [
        {
          "coverType": "banner",
          "url": "/MediaCover/12/banner.jpg?lastWrite=639004914863208047",
          "remoteUrl": "https://artworks.thetvdb.com/banners/graphical/79335-g4.jpg"
        },
        {
          "coverType": "poster",
          "url": "/MediaCover/12/poster.jpg?lastWrite=639004914863308046",
          "remoteUrl": "https://artworks.thetvdb.com/banners/posters/79335-8.jpg"
        },
        {
          "coverType": "fanart",
          "url": "/MediaCover/12/fanart.jpg?lastWrite=639004914863498043",
          "remoteUrl": "https://artworks.thetvdb.com/banners/fanart/original/79335-18.jpg"
        },
        {
          "coverType": "clearlogo",
          "url": "/MediaCover/12/clearlogo.png?lastWrite=639004914863048050",
          "remoteUrl": "https://artworks.thetvdb.com/banners/v4/series/79335/clearlogo/611b5f273fd84.png"
        }
      ],
      "tags": [],
      "originalLanguage": {
        "id": 1,
        "name": "English"
      }
    },
    "episodes": [
      {
        "id": 804,
        "episodeNumber": 5,
        "seasonNumber": 0,
        "title": "Psych: The Movie",
        "overview": "The old gang comes together during the holidays after a mystery assailant targets one of their own.",
        "airDate": "2017-12-07",
        "airDateUtc": "2017-12-08T01:00:00Z",
        "seriesId": 12,
        "tvdbId": 6186418
      }
    ],
    "release": {
      "quality": "WEBRip-1080p",
      "qualityVersion": 1,
      "releaseTitle": "Psych The Movie (2017) WEBRip 1080p MP4",
      "indexer": "Knaben (Prowlarr)",
      "size": 1632087572,
      "customFormatScore": 0,
      "customFormats": [],
      "languages": [
        {
          "id": 1,
          "name": "English"
        }
      ]
    },
    "downloadClient": "qbittorrent",
    "downloadClientType": "qBittorrent",
    "downloadId": "50899263557875403B16A42B791C2D3BC2586423",
    "customFormatInfo": {
      "customFormats": [],
      "customFormatScore": 0
    },
    "eventType": "Grab",
    "instanceName": "Sonarr",
    "applicationUrl": ""
  },
  "raw_body": "{\n  \"series\": {\n    \"id\": 12,\n    \"title\": \"Psych\",\n    \"titleSlug\": \"psych\",\n    \"path\": \"/media/library/tv/Psych\",\n    \"tvdbId\": 79335,\n    \"tvMazeId\": 517,\n    \"tmdbId\": 1447,\n    \"imdbId\": \"tt0491738\",\n    \"type\": \"standard\",\n    \"year\": 2006,\n    \"genres\": [\n      \"Comedy\",\n      \"Crime\",\n      \"Drama\",\n      \"Mystery\"\n    ],\n    \"images\": [\n      {\n        \"coverType\": \"banner\",\n        \"url\": \"/MediaCover/12/banner.jpg?lastWrite=639004914863208047\",\n        \"remoteUrl\": \"https://artworks.thetvdb.com/banners/graphical/79335-g4.jpg\"\n      },\n      {\n        \"coverType\": \"poster\",\n        \"url\": \"/MediaCover/12/poster.jpg?lastWrite=639004914863308046\",\n        \"remoteUrl\": \"https://artworks.thetvdb.com/banners/posters/79335-8.jpg\"\n      },\n      {\n        \"coverType\": \"fanart\",\n        \"url\": \"/MediaCover/12/fanart.jpg?lastWrite=639004914863498043\",\n        \"remoteUrl\": \"https://artworks.thetvdb.com/banners/fanart/original/79335-18.jpg\"\n      },\n      {\n        \"coverType\": \"clearlogo\",\n        \"url\": \"/MediaCover/12/clearlogo.png?lastWrite=639004914863048050\",\n        \"remoteUrl\": \"https://artworks.thetvdb.com/banners/v4/series/79335/clearlogo/611b5f273fd84.png\"\n      }\n    ],\n    \"tags\": [],\n    \"originalLanguage\": {\n      \"id\": 1,\n      \"name\": \"English\"\n    }\n  },\n  \"episodes\": [\n    {\n      \"id\": 804,\n      \"episodeNumber\": 5,\n      \"seasonNumber\": 0,\n      \"title\": \"Psych: The Movie\",\n      \"overview\": \"The old gang comes together during the holidays after a mystery assailant targets one of their own.\",\n      \"airDate\": \"2017-12-07\",\n      \"airDateUtc\": \"2017-12-08T01:00:00Z\",\n      \"seriesId\": 12,\n      \"tvdbId\": 6186418\n    }\n  ],\n  \"release\": {\n    \"quality\": \"WEBRip-1080p\",\n    \"qualityVersion\": 1,\n    \"releaseTitle\": \"Psych The Movie (2017) WEBRip 1080p MP4\",\n    \"indexer\": \"Knaben (Prowlarr)\",\n    \"size\": 1632087572,\n    \"customFormatScore\": 0,\n    \"customFormats\": [],\n    \"languages\": [\n      {\n        \"id\": 1,\n        \"name\": \"English\"\n      }\n    ]\n  },\n  \"downloadClient\": \"qbittorrent\",\n  \"downloadClientType\": \"qBittorrent\",\n  \"downloadId\": \"50899263557875403B16A42B791C2D3BC2586423\",\n  \"customFormatInfo\": {\n    \"customFormats\": [],\n    \"customFormatScore\": 0\n  },\n  \"eventType\": \"Grab\",\n  \"instanceName\": \"Sonarr\",\n  \"applicationUrl\": \"\"\n}"
}

{
  "timestamp": "2025-12-06T17:30:17.874263",
  "headers": {
    "Host": "192.168.50.54:5001",
    "User-Agent": "Sonarr/4.0.16.2944 (alpine 3.22.2)",
    "Connection": "close",
    "Accept": "application/json",
    "Accept-Encoding": "gzip, br",
    "Content-Type": "application/json",
    "Content-Length": "2297"
  },
  "payload": {
    "series": {
      "id": 12,
      "title": "Psych",
      "titleSlug": "psych",
      "path": "/media/library/tv/Psych",
      "tvdbId": 79335,
      "tvMazeId": 517,
      "tmdbId": 1447,
      "imdbId": "tt0491738",
      "type": "standard",
      "year": 2006,
      "genres": [
        "Comedy",
        "Crime",
        "Drama",
        "Mystery"
      ],
      "images": [
        {
          "coverType": "banner",
          "url": "/MediaCover/12/banner.jpg?lastWrite=639004914863208047",
          "remoteUrl": "https://artworks.thetvdb.com/banners/graphical/79335-g4.jpg"
        },
        {
          "coverType": "poster",
          "url": "/MediaCover/12/poster.jpg?lastWrite=639004914863308046",
          "remoteUrl": "https://artworks.thetvdb.com/banners/posters/79335-8.jpg"
        },
        {
          "coverType": "fanart",
          "url": "/MediaCover/12/fanart.jpg?lastWrite=639004914863498043",
          "remoteUrl": "https://artworks.thetvdb.com/banners/fanart/original/79335-18.jpg"
        },
        {
          "coverType": "clearlogo",
          "url": "/MediaCover/12/clearlogo.png?lastWrite=639004914863048050",
          "remoteUrl": "https://artworks.thetvdb.com/banners/v4/series/79335/clearlogo/611b5f273fd84.png"
        }
      ],
      "tags": [],
      "originalLanguage": {
        "id": 1,
        "name": "English"
      }
    },
    "episodes": [
      {
        "id": 804,
        "episodeNumber": 5,
        "seasonNumber": 0,
        "title": "Psych: The Movie",
        "overview": "The old gang comes together during the holidays after a mystery assailant targets one of their own.",
        "airDate": "2017-12-07",
        "airDateUtc": "2017-12-08T01:00:00Z",
        "seriesId": 12,
        "tvdbId": 6186418
      }
    ],
    "release": {
      "quality": "WEBRip-1080p",
      "qualityVersion": 1,
      "releaseTitle": "Psych The Movie (2017) WEBRip 1080p MP4",
      "indexer": "Knaben (Prowlarr)",
      "size": 1632087572,
      "customFormatScore": 0,
      "customFormats": [],
      "languages": [
        {
          "id": 1,
          "name": "English"
        }
      ]
    },
    "downloadClient": "qbittorrent",
    "downloadClientType": "qBittorrent",
    "downloadId": "50899263557875403B16A42B791C2D3BC2586423",
    "customFormatInfo": {
      "customFormats": [],
      "customFormatScore": 0
    },
    "eventType": "Grab",
    "instanceName": "Sonarr",
    "applicationUrl": ""
  },
  "raw_body": "{\n  \"series\": {\n    \"id\": 12,\n    \"title\": \"Psych\",\n    \"titleSlug\": \"psych\",\n    \"path\": \"/media/library/tv/Psych\",\n    \"tvdbId\": 79335,\n    \"tvMazeId\": 517,\n    \"tmdbId\": 1447,\n    \"imdbId\": \"tt0491738\",\n    \"type\": \"standard\",\n    \"year\": 2006,\n    \"genres\": [\n      \"Comedy\",\n      \"Crime\",\n      \"Drama\",\n      \"Mystery\"\n    ],\n    \"images\": [\n      {\n        \"coverType\": \"banner\",\n        \"url\": \"/MediaCover/12/banner.jpg?lastWrite=639004914863208047\",\n        \"remoteUrl\": \"https://artworks.thetvdb.com/banners/graphical/79335-g4.jpg\"\n      },\n      {\n        \"coverType\": \"poster\",\n        \"url\": \"/MediaCover/12/poster.jpg?lastWrite=639004914863308046\",\n        \"remoteUrl\": \"https://artworks.thetvdb.com/banners/posters/79335-8.jpg\"\n      },\n      {\n        \"coverType\": \"fanart\",\n        \"url\": \"/MediaCover/12/fanart.jpg?lastWrite=639004914863498043\",\n        \"remoteUrl\": \"https://artworks.thetvdb.com/banners/fanart/original/79335-18.jpg\"\n      },\n      {\n        \"coverType\": \"clearlogo\",\n        \"url\": \"/MediaCover/12/clearlogo.png?lastWrite=639004914863048050\",\n        \"remoteUrl\": \"https://artworks.thetvdb.com/banners/v4/series/79335/clearlogo/611b5f273fd84.png\"\n      }\n    ],\n    \"tags\": [],\n    \"originalLanguage\": {\n      \"id\": 1,\n      \"name\": \"English\"\n    }\n  },\n  \"episodes\": [\n    {\n      \"id\": 804,\n      \"episodeNumber\": 5,\n      \"seasonNumber\": 0,\n      \"title\": \"Psych: The Movie\",\n      \"overview\": \"The old gang comes together during the holidays after a mystery assailant targets one of their own.\",\n      \"airDate\": \"2017-12-07\",\n      \"airDateUtc\": \"2017-12-08T01:00:00Z\",\n      \"seriesId\": 12,\n      \"tvdbId\": 6186418\n    }\n  ],\n  \"release\": {\n    \"quality\": \"WEBRip-1080p\",\n    \"qualityVersion\": 1,\n    \"releaseTitle\": \"Psych The Movie (2017) WEBRip 1080p MP4\",\n    \"indexer\": \"Knaben (Prowlarr)\",\n    \"size\": 1632087572,\n    \"customFormatScore\": 0,\n    \"customFormats\": [],\n    \"languages\": [\n      {\n        \"id\": 1,\n        \"name\": \"English\"\n      }\n    ]\n  },\n  \"downloadClient\": \"qbittorrent\",\n  \"downloadClientType\": \"qBittorrent\",\n  \"downloadId\": \"50899263557875403B16A42B791C2D3BC2586423\",\n  \"customFormatInfo\": {\n    \"customFormats\": [],\n    \"customFormatScore\": 0\n  },\n  \"eventType\": \"Grab\",\n  \"instanceName\": \"Sonarr\",\n  \"applicationUrl\": \"\"\n}"
}

{
  "timestamp": "2025-12-06T17:40:30.606299",
  "headers": {
    "Host": "192.168.50.54:5001",
    "User-Agent": "Sonarr/4.0.16.2944 (alpine 3.22.2)",
    "Connection": "close",
    "Accept": "application/json",
    "Accept-Encoding": "gzip, br",
    "Content-Type": "application/json",
    "Content-Length": "2597"
  },
  "payload": {
    "series": {
      "id": 13,
      "title": "The Rookie",
      "titleSlug": "the-rookie",
      "path": "/media/library/tv/The Rookie",
      "tvdbId": 350665,
      "tvMazeId": 32938,
      "tmdbId": 79744,
      "imdbId": "tt7587890",
      "type": "standard",
      "year": 2018,
      "genres": [
        "Action",
        "Crime",
        "Drama",
        "Thriller"
      ],
      "images": [
        {
          "coverType": "banner",
          "url": "/MediaCover/13/banner.jpg?lastWrite=639004914859778100",
          "remoteUrl": "https://artworks.thetvdb.com/banners/graphical/5b808369ba86c.jpg"
        },
        {
          "coverType": "poster",
          "url": "/MediaCover/13/poster.jpg?lastWrite=639004914859888098",
          "remoteUrl": "https://artworks.thetvdb.com/banners/posters/5d8a076567871.jpg"
        },
        {
          "coverType": "fanart",
          "url": "/MediaCover/13/fanart.jpg?lastWrite=639004914859978097",
          "remoteUrl": "https://artworks.thetvdb.com/banners/fanart/original/5b8991cac6f01.jpg"
        },
        {
          "coverType": "clearlogo",
          "url": "/MediaCover/13/clearlogo.png?lastWrite=639004914859598103",
          "remoteUrl": "https://artworks.thetvdb.com/banners/v4/series/350665/clearlogo/611bcbd635134.png"
        }
      ],
      "tags": [],
      "originalLanguage": {
        "id": 1,
        "name": "English"
      }
    },
    "episodes": [
      {
        "id": 929,
        "episodeNumber": 1,
        "seasonNumber": 1,
        "title": "Pilot",
        "overview": "Starting over isn\u2019t easy, especially for small-town guy John Nolan who, after a life-altering incident, is pursuing his dream of being a police officer.",
        "airDate": "2018-10-16",
        "airDateUtc": "2018-10-17T01:00:00Z",
        "seriesId": 13,
        "tvdbId": 6770292
      }
    ],
    "release": {
      "quality": "WEBRip-1080p",
      "qualityVersion": 1,
      "releaseGroup": "NTb",
      "releaseTitle": "The.Rookie.S01E01.Pilot.1080p.AMZN.WEBRip.DDP5.1.x264-NTb",
      "indexer": "The Pirate Bay (Prowlarr)",
      "size": 2473341440,
      "customFormatScore": 0,
      "customFormats": [
        "AMZN",
        "WEB Tier 01"
      ],
      "languages": [
        {
          "id": 1,
          "name": "English"
        }
      ]
    },
    "downloadClient": "qbittorrent",
    "downloadClientType": "qBittorrent",
    "downloadId": "D85C09B4FFD885FAF26C604F09CE965A3EB69F65",
    "customFormatInfo": {
      "customFormats": [
        {
          "id": 11,
          "name": "AMZN"
        },
        {
          "id": 30,
          "name": "WEB Tier 01"
        }
      ],
      "customFormatScore": 0
    },
    "eventType": "Grab",
    "instanceName": "Sonarr",
    "applicationUrl": ""
  },
  "raw_body": "{\n  \"series\": {\n    \"id\": 13,\n    \"title\": \"The Rookie\",\n    \"titleSlug\": \"the-rookie\",\n    \"path\": \"/media/library/tv/The Rookie\",\n    \"tvdbId\": 350665,\n    \"tvMazeId\": 32938,\n    \"tmdbId\": 79744,\n    \"imdbId\": \"tt7587890\",\n    \"type\": \"standard\",\n    \"year\": 2018,\n    \"genres\": [\n      \"Action\",\n      \"Crime\",\n      \"Drama\",\n      \"Thriller\"\n    ],\n    \"images\": [\n      {\n        \"coverType\": \"banner\",\n        \"url\": \"/MediaCover/13/banner.jpg?lastWrite=639004914859778100\",\n        \"remoteUrl\": \"https://artworks.thetvdb.com/banners/graphical/5b808369ba86c.jpg\"\n      },\n      {\n        \"coverType\": \"poster\",\n        \"url\": \"/MediaCover/13/poster.jpg?lastWrite=639004914859888098\",\n        \"remoteUrl\": \"https://artworks.thetvdb.com/banners/posters/5d8a076567871.jpg\"\n      },\n      {\n        \"coverType\": \"fanart\",\n        \"url\": \"/MediaCover/13/fanart.jpg?lastWrite=639004914859978097\",\n        \"remoteUrl\": \"https://artworks.thetvdb.com/banners/fanart/original/5b8991cac6f01.jpg\"\n      },\n      {\n        \"coverType\": \"clearlogo\",\n        \"url\": \"/MediaCover/13/clearlogo.png?lastWrite=639004914859598103\",\n        \"remoteUrl\": \"https://artworks.thetvdb.com/banners/v4/series/350665/clearlogo/611bcbd635134.png\"\n      }\n    ],\n    \"tags\": [],\n    \"originalLanguage\": {\n      \"id\": 1,\n      \"name\": \"English\"\n    }\n  },\n  \"episodes\": [\n    {\n      \"id\": 929,\n      \"episodeNumber\": 1,\n      \"seasonNumber\": 1,\n      \"title\": \"Pilot\",\n      \"overview\": \"Starting over isn\u2019t easy, especially for small-town guy John Nolan who, after a life-altering incident, is pursuing his dream of being a police officer.\",\n      \"airDate\": \"2018-10-16\",\n      \"airDateUtc\": \"2018-10-17T01:00:00Z\",\n      \"seriesId\": 13,\n      \"tvdbId\": 6770292\n    }\n  ],\n  \"release\": {\n    \"quality\": \"WEBRip-1080p\",\n    \"qualityVersion\": 1,\n    \"releaseGroup\": \"NTb\",\n    \"releaseTitle\": \"The.Rookie.S01E01.Pilot.1080p.AMZN.WEBRip.DDP5.1.x264-NTb\",\n    \"indexer\": \"The Pirate Bay (Prowlarr)\",\n    \"size\": 2473341440,\n    \"customFormatScore\": 0,\n    \"customFormats\": [\n      \"AMZN\",\n      \"WEB Tier 01\"\n    ],\n    \"languages\": [\n      {\n        \"id\": 1,\n        \"name\": \"English\"\n      }\n    ]\n  },\n  \"downloadClient\": \"qbittorrent\",\n  \"downloadClientType\": \"qBittorrent\",\n  \"downloadId\": \"D85C09B4FFD885FAF26C604F09CE965A3EB69F65\",\n  \"customFormatInfo\": {\n    \"customFormats\": [\n      {\n        \"id\": 11,\n        \"name\": \"AMZN\"\n      },\n      {\n        \"id\": 30,\n        \"name\": \"WEB Tier 01\"\n      }\n    ],\n    \"customFormatScore\": 0\n  },\n  \"eventType\": \"Grab\",\n  \"instanceName\": \"Sonarr\",\n  \"applicationUrl\": \"\"\n}"
}

{
  "timestamp": "2025-12-06T17:43:50.543951",
  "headers": {
    "Host": "192.168.50.54:5001",
    "User-Agent": "Sonarr/4.0.16.2944 (alpine 3.22.2)",
    "Connection": "close",
    "Accept": "application/json",
    "Accept-Encoding": "gzip, br",
    "Content-Type": "application/json",
    "Content-Length": "2329"
  },
  "payload": {
    "series": {
      "id": 12,
      "title": "Psych",
      "titleSlug": "psych",
      "path": "/media/library/tv/Psych",
      "tvdbId": 79335,
      "tvMazeId": 517,
      "tmdbId": 1447,
      "imdbId": "tt0491738",
      "type": "standard",
      "year": 2006,
      "genres": [
        "Comedy",
        "Crime",
        "Drama",
        "Mystery"
      ],
      "images": [
        {
          "coverType": "banner",
          "url": "/MediaCover/12/banner.jpg?lastWrite=639004914863208047",
          "remoteUrl": "https://artworks.thetvdb.com/banners/graphical/79335-g4.jpg"
        },
        {
          "coverType": "poster",
          "url": "/MediaCover/12/poster.jpg?lastWrite=639004914863308046",
          "remoteUrl": "https://artworks.thetvdb.com/banners/posters/79335-8.jpg"
        },
        {
          "coverType": "fanart",
          "url": "/MediaCover/12/fanart.jpg?lastWrite=639004914863498043",
          "remoteUrl": "https://artworks.thetvdb.com/banners/fanart/original/79335-18.jpg"
        },
        {
          "coverType": "clearlogo",
          "url": "/MediaCover/12/clearlogo.png?lastWrite=639004914863048050",
          "remoteUrl": "https://artworks.thetvdb.com/banners/v4/series/79335/clearlogo/611b5f273fd84.png"
        }
      ],
      "tags": [],
      "originalLanguage": {
        "id": 1,
        "name": "English"
      }
    },
    "episodes": [
      {
        "id": 873,
        "episodeNumber": 3,
        "seasonNumber": 5,
        "title": "Not Even Close... Encounters",
        "overview": "Shawn and Gus get themselves hired onto the case when an unstable lawyer claims his assistant was abducted by aliens.",
        "airDate": "2010-07-28",
        "airDateUtc": "2010-07-29T00:00:00Z",
        "seriesId": 12,
        "tvdbId": 2447861
      }
    ],
    "release": {
      "quality": "HDTV-720p",
      "qualityVersion": 1,
      "releaseTitle": "Psych S05E03 720p HDTV x264 IMMERSE",
      "indexer": "TorrentDownload (Prowlarr)",
      "size": 1170378624,
      "customFormatScore": 0,
      "customFormats": [],
      "languages": [
        {
          "id": 1,
          "name": "English"
        }
      ]
    },
    "downloadClient": "qbittorrent",
    "downloadClientType": "qBittorrent",
    "downloadId": "5D7C5612BCDD6A7EC0C1C395614D14B41E73E0FE",
    "customFormatInfo": {
      "customFormats": [],
      "customFormatScore": 0
    },
    "eventType": "Grab",
    "instanceName": "Sonarr",
    "applicationUrl": ""
  },
  "raw_body": "{\n  \"series\": {\n    \"id\": 12,\n    \"title\": \"Psych\",\n    \"titleSlug\": \"psych\",\n    \"path\": \"/media/library/tv/Psych\",\n    \"tvdbId\": 79335,\n    \"tvMazeId\": 517,\n    \"tmdbId\": 1447,\n    \"imdbId\": \"tt0491738\",\n    \"type\": \"standard\",\n    \"year\": 2006,\n    \"genres\": [\n      \"Comedy\",\n      \"Crime\",\n      \"Drama\",\n      \"Mystery\"\n    ],\n    \"images\": [\n      {\n        \"coverType\": \"banner\",\n        \"url\": \"/MediaCover/12/banner.jpg?lastWrite=639004914863208047\",\n        \"remoteUrl\": \"https://artworks.thetvdb.com/banners/graphical/79335-g4.jpg\"\n      },\n      {\n        \"coverType\": \"poster\",\n        \"url\": \"/MediaCover/12/poster.jpg?lastWrite=639004914863308046\",\n        \"remoteUrl\": \"https://artworks.thetvdb.com/banners/posters/79335-8.jpg\"\n      },\n      {\n        \"coverType\": \"fanart\",\n        \"url\": \"/MediaCover/12/fanart.jpg?lastWrite=639004914863498043\",\n        \"remoteUrl\": \"https://artworks.thetvdb.com/banners/fanart/original/79335-18.jpg\"\n      },\n      {\n        \"coverType\": \"clearlogo\",\n        \"url\": \"/MediaCover/12/clearlogo.png?lastWrite=639004914863048050\",\n        \"remoteUrl\": \"https://artworks.thetvdb.com/banners/v4/series/79335/clearlogo/611b5f273fd84.png\"\n      }\n    ],\n    \"tags\": [],\n    \"originalLanguage\": {\n      \"id\": 1,\n      \"name\": \"English\"\n    }\n  },\n  \"episodes\": [\n    {\n      \"id\": 873,\n      \"episodeNumber\": 3,\n      \"seasonNumber\": 5,\n      \"title\": \"Not Even Close... Encounters\",\n      \"overview\": \"Shawn and Gus get themselves hired onto the case when an unstable lawyer claims his assistant was abducted by aliens.\",\n      \"airDate\": \"2010-07-28\",\n      \"airDateUtc\": \"2010-07-29T00:00:00Z\",\n      \"seriesId\": 12,\n      \"tvdbId\": 2447861\n    }\n  ],\n  \"release\": {\n    \"quality\": \"HDTV-720p\",\n    \"qualityVersion\": 1,\n    \"releaseTitle\": \"Psych S05E03 720p HDTV x264 IMMERSE\",\n    \"indexer\": \"TorrentDownload (Prowlarr)\",\n    \"size\": 1170378624,\n    \"customFormatScore\": 0,\n    \"customFormats\": [],\n    \"languages\": [\n      {\n        \"id\": 1,\n        \"name\": \"English\"\n      }\n    ]\n  },\n  \"downloadClient\": \"qbittorrent\",\n  \"downloadClientType\": \"qBittorrent\",\n  \"downloadId\": \"5D7C5612BCDD6A7EC0C1C395614D14B41E73E0FE\",\n  \"customFormatInfo\": {\n    \"customFormats\": [],\n    \"customFormatScore\": 0\n  },\n  \"eventType\": \"Grab\",\n  \"instanceName\": \"Sonarr\",\n  \"applicationUrl\": \"\"\n}"
}

{
  "timestamp": "2025-12-06T17:54:49.385304",
  "headers": {
    "Host": "192.168.50.54:5001",
    "User-Agent": "Sonarr/4.0.16.2944 (alpine 3.22.2)",
    "Connection": "close",
    "Accept": "application/json",
    "Accept-Encoding": "gzip, br",
    "Content-Type": "application/json",
    "Content-Length": "2437"
  },
  "payload": {
    "series": {
      "id": 12,
      "title": "Psych",
      "titleSlug": "psych",
      "path": "/media/library/tv/Psych",
      "tvdbId": 79335,
      "tvMazeId": 517,
      "tmdbId": 1447,
      "imdbId": "tt0491738",
      "type": "standard",
      "year": 2006,
      "genres": [
        "Comedy",
        "Crime",
        "Drama",
        "Mystery"
      ],
      "images": [
        {
          "coverType": "banner",
          "url": "/MediaCover/12/banner.jpg?lastWrite=639004914863208047",
          "remoteUrl": "https://artworks.thetvdb.com/banners/graphical/79335-g4.jpg"
        },
        {
          "coverType": "poster",
          "url": "/MediaCover/12/poster.jpg?lastWrite=639004914863308046",
          "remoteUrl": "https://artworks.thetvdb.com/banners/posters/79335-8.jpg"
        },
        {
          "coverType": "fanart",
          "url": "/MediaCover/12/fanart.jpg?lastWrite=639004914863498043",
          "remoteUrl": "https://artworks.thetvdb.com/banners/fanart/original/79335-18.jpg"
        },
        {
          "coverType": "clearlogo",
          "url": "/MediaCover/12/clearlogo.png?lastWrite=639004914863048050",
          "remoteUrl": "https://artworks.thetvdb.com/banners/v4/series/79335/clearlogo/611b5f273fd84.png"
        }
      ],
      "tags": [],
      "originalLanguage": {
        "id": 1,
        "name": "English"
      }
    },
    "episodes": [
      {
        "id": 807,
        "episodeNumber": 8,
        "seasonNumber": 0,
        "title": "Psych 3: This Is Gus",
        "overview": "In preparation for a shotgun wedding before the birth of Baby Guster, Shawn and Groomzilla Gus go rogue in an attempt to track down Selene\u2019s estranged husband, as Lassiter grapples with the future of his career.",
        "airDate": "2021-11-18",
        "airDateUtc": "2021-11-19T01:00:00Z",
        "seriesId": 12,
        "tvdbId": 8801730
      }
    ],
    "release": {
      "quality": "Bluray-1080p",
      "qualityVersion": 1,
      "releaseTitle": "Psych 3 This Is Gus (2021) [1080p] [BluRay] [5.1] [YTS.MX]",
      "indexer": "BitSearch (Prowlarr)",
      "size": 1911260416,
      "customFormatScore": 0,
      "customFormats": [],
      "languages": [
        {
          "id": 1,
          "name": "English"
        }
      ]
    },
    "downloadClient": "qbittorrent",
    "downloadClientType": "qBittorrent",
    "downloadId": "8ED74D5228EB40700F060F01F07F45B7287DFA9C",
    "customFormatInfo": {
      "customFormats": [],
      "customFormatScore": 0
    },
    "eventType": "Grab",
    "instanceName": "Sonarr",
    "applicationUrl": ""
  },
  "raw_body": "{\n  \"series\": {\n    \"id\": 12,\n    \"title\": \"Psych\",\n    \"titleSlug\": \"psych\",\n    \"path\": \"/media/library/tv/Psych\",\n    \"tvdbId\": 79335,\n    \"tvMazeId\": 517,\n    \"tmdbId\": 1447,\n    \"imdbId\": \"tt0491738\",\n    \"type\": \"standard\",\n    \"year\": 2006,\n    \"genres\": [\n      \"Comedy\",\n      \"Crime\",\n      \"Drama\",\n      \"Mystery\"\n    ],\n    \"images\": [\n      {\n        \"coverType\": \"banner\",\n        \"url\": \"/MediaCover/12/banner.jpg?lastWrite=639004914863208047\",\n        \"remoteUrl\": \"https://artworks.thetvdb.com/banners/graphical/79335-g4.jpg\"\n      },\n      {\n        \"coverType\": \"poster\",\n        \"url\": \"/MediaCover/12/poster.jpg?lastWrite=639004914863308046\",\n        \"remoteUrl\": \"https://artworks.thetvdb.com/banners/posters/79335-8.jpg\"\n      },\n      {\n        \"coverType\": \"fanart\",\n        \"url\": \"/MediaCover/12/fanart.jpg?lastWrite=639004914863498043\",\n        \"remoteUrl\": \"https://artworks.thetvdb.com/banners/fanart/original/79335-18.jpg\"\n      },\n      {\n        \"coverType\": \"clearlogo\",\n        \"url\": \"/MediaCover/12/clearlogo.png?lastWrite=639004914863048050\",\n        \"remoteUrl\": \"https://artworks.thetvdb.com/banners/v4/series/79335/clearlogo/611b5f273fd84.png\"\n      }\n    ],\n    \"tags\": [],\n    \"originalLanguage\": {\n      \"id\": 1,\n      \"name\": \"English\"\n    }\n  },\n  \"episodes\": [\n    {\n      \"id\": 807,\n      \"episodeNumber\": 8,\n      \"seasonNumber\": 0,\n      \"title\": \"Psych 3: This Is Gus\",\n      \"overview\": \"In preparation for a shotgun wedding before the birth of Baby Guster, Shawn and Groomzilla Gus go rogue in an attempt to track down Selene\u2019s estranged husband, as Lassiter grapples with the future of his career.\",\n      \"airDate\": \"2021-11-18\",\n      \"airDateUtc\": \"2021-11-19T01:00:00Z\",\n      \"seriesId\": 12,\n      \"tvdbId\": 8801730\n    }\n  ],\n  \"release\": {\n    \"quality\": \"Bluray-1080p\",\n    \"qualityVersion\": 1,\n    \"releaseTitle\": \"Psych 3 This Is Gus (2021) [1080p] [BluRay] [5.1] [YTS.MX]\",\n    \"indexer\": \"BitSearch (Prowlarr)\",\n    \"size\": 1911260416,\n    \"customFormatScore\": 0,\n    \"customFormats\": [],\n    \"languages\": [\n      {\n        \"id\": 1,\n        \"name\": \"English\"\n      }\n    ]\n  },\n  \"downloadClient\": \"qbittorrent\",\n  \"downloadClientType\": \"qBittorrent\",\n  \"downloadId\": \"8ED74D5228EB40700F060F01F07F45B7287DFA9C\",\n  \"customFormatInfo\": {\n    \"customFormats\": [],\n    \"customFormatScore\": 0\n  },\n  \"eventType\": \"Grab\",\n  \"instanceName\": \"Sonarr\",\n  \"applicationUrl\": \"\"\n}"
}

{
  "timestamp": "2025-12-06T17:59:05.281177",
  "headers": {
    "Host": "192.168.50.54:5001",
    "User-Agent": "Sonarr/4.0.16.2944 (alpine 3.22.2)",
    "Connection": "close",
    "Accept": "application/json",
    "Accept-Encoding": "gzip, br",
    "Content-Type": "application/json",
    "Content-Length": "2829"
  },
  "payload": {
    "series": {
      "id": 12,
      "title": "Psych",
      "titleSlug": "psych",
      "path": "/media/library/tv/Psych",
      "tvdbId": 79335,
      "tvMazeId": 517,
      "tmdbId": 1447,
      "imdbId": "tt0491738",
      "type": "standard",
      "year": 2006,
      "genres": [
        "Comedy",
        "Crime",
        "Drama",
        "Mystery"
      ],
      "images": [
        {
          "coverType": "banner",
          "url": "/MediaCover/12/banner.jpg?lastWrite=639004914863208047",
          "remoteUrl": "https://artworks.thetvdb.com/banners/graphical/79335-g4.jpg"
        },
        {
          "coverType": "poster",
          "url": "/MediaCover/12/poster.jpg?lastWrite=639004914863308046",
          "remoteUrl": "https://artworks.thetvdb.com/banners/posters/79335-8.jpg"
        },
        {
          "coverType": "fanart",
          "url": "/MediaCover/12/fanart.jpg?lastWrite=639004914863498043",
          "remoteUrl": "https://artworks.thetvdb.com/banners/fanart/original/79335-18.jpg"
        },
        {
          "coverType": "clearlogo",
          "url": "/MediaCover/12/clearlogo.png?lastWrite=639004914863048050",
          "remoteUrl": "https://artworks.thetvdb.com/banners/v4/series/79335/clearlogo/611b5f273fd84.png"
        }
      ],
      "tags": [],
      "originalLanguage": {
        "id": 1,
        "name": "English"
      }
    },
    "episodes": [
      {
        "id": 806,
        "episodeNumber": 7,
        "seasonNumber": 0,
        "title": "Psych 2: Lassie Come Home",
        "overview": "In a vintage Psych-style Hitchcockian nod, Lassie begins to see impossible happenings around his recovery clinic. Shawn and Gus return to the Chief's side in Santa Barbara and are forced to navigate the personal, the professional, and possibly the supernatural. Separated from their new lives in San Francisco, our heroes find themselves unwelcome in their old stomping grounds as they secretly untangle a twisted case without the benefit of the police, their loved ones, or the quality sourdough bakeries of the Bay Area. What they uncover will change the course of their relationships forever.",
        "airDate": "2020-07-15",
        "airDateUtc": "2020-07-16T00:00:00Z",
        "seriesId": 12,
        "tvdbId": 7693576
      }
    ],
    "release": {
      "quality": "Bluray-1080p",
      "qualityVersion": 1,
      "releaseTitle": "Psych 2 Lassie Come Home (2020) [1080p] [BluRay] [5.1] [YTS.MX]",
      "indexer": "BitSearch (Prowlarr)",
      "size": 1750199168,
      "customFormatScore": 0,
      "customFormats": [],
      "languages": [
        {
          "id": 1,
          "name": "English"
        }
      ]
    },
    "downloadClient": "qbittorrent",
    "downloadClientType": "qBittorrent",
    "downloadId": "AB9761F8F9A91BC2A0B2A636784E9801D7E6FC71",
    "customFormatInfo": {
      "customFormats": [],
      "customFormatScore": 0
    },
    "eventType": "Grab",
    "instanceName": "Sonarr",
    "applicationUrl": ""
  },
  "raw_body": "{\n  \"series\": {\n    \"id\": 12,\n    \"title\": \"Psych\",\n    \"titleSlug\": \"psych\",\n    \"path\": \"/media/library/tv/Psych\",\n    \"tvdbId\": 79335,\n    \"tvMazeId\": 517,\n    \"tmdbId\": 1447,\n    \"imdbId\": \"tt0491738\",\n    \"type\": \"standard\",\n    \"year\": 2006,\n    \"genres\": [\n      \"Comedy\",\n      \"Crime\",\n      \"Drama\",\n      \"Mystery\"\n    ],\n    \"images\": [\n      {\n        \"coverType\": \"banner\",\n        \"url\": \"/MediaCover/12/banner.jpg?lastWrite=639004914863208047\",\n        \"remoteUrl\": \"https://artworks.thetvdb.com/banners/graphical/79335-g4.jpg\"\n      },\n      {\n        \"coverType\": \"poster\",\n        \"url\": \"/MediaCover/12/poster.jpg?lastWrite=639004914863308046\",\n        \"remoteUrl\": \"https://artworks.thetvdb.com/banners/posters/79335-8.jpg\"\n      },\n      {\n        \"coverType\": \"fanart\",\n        \"url\": \"/MediaCover/12/fanart.jpg?lastWrite=639004914863498043\",\n        \"remoteUrl\": \"https://artworks.thetvdb.com/banners/fanart/original/79335-18.jpg\"\n      },\n      {\n        \"coverType\": \"clearlogo\",\n        \"url\": \"/MediaCover/12/clearlogo.png?lastWrite=639004914863048050\",\n        \"remoteUrl\": \"https://artworks.thetvdb.com/banners/v4/series/79335/clearlogo/611b5f273fd84.png\"\n      }\n    ],\n    \"tags\": [],\n    \"originalLanguage\": {\n      \"id\": 1,\n      \"name\": \"English\"\n    }\n  },\n  \"episodes\": [\n    {\n      \"id\": 806,\n      \"episodeNumber\": 7,\n      \"seasonNumber\": 0,\n      \"title\": \"Psych 2: Lassie Come Home\",\n      \"overview\": \"In a vintage Psych-style Hitchcockian nod, Lassie begins to see impossible happenings around his recovery clinic. Shawn and Gus return to the Chief's side in Santa Barbara and are forced to navigate the personal, the professional, and possibly the supernatural. Separated from their new lives in San Francisco, our heroes find themselves unwelcome in their old stomping grounds as they secretly untangle a twisted case without the benefit of the police, their loved ones, or the quality sourdough bakeries of the Bay Area. What they uncover will change the course of their relationships forever.\",\n      \"airDate\": \"2020-07-15\",\n      \"airDateUtc\": \"2020-07-16T00:00:00Z\",\n      \"seriesId\": 12,\n      \"tvdbId\": 7693576\n    }\n  ],\n  \"release\": {\n    \"quality\": \"Bluray-1080p\",\n    \"qualityVersion\": 1,\n    \"releaseTitle\": \"Psych 2 Lassie Come Home (2020) [1080p] [BluRay] [5.1] [YTS.MX]\",\n    \"indexer\": \"BitSearch (Prowlarr)\",\n    \"size\": 1750199168,\n    \"customFormatScore\": 0,\n    \"customFormats\": [],\n    \"languages\": [\n      {\n        \"id\": 1,\n        \"name\": \"English\"\n      }\n    ]\n  },\n  \"downloadClient\": \"qbittorrent\",\n  \"downloadClientType\": \"qBittorrent\",\n  \"downloadId\": \"AB9761F8F9A91BC2A0B2A636784E9801D7E6FC71\",\n  \"customFormatInfo\": {\n    \"customFormats\": [],\n    \"customFormatScore\": 0\n  },\n  \"eventType\": \"Grab\",\n  \"instanceName\": \"Sonarr\",\n  \"applicationUrl\": \"\"\n}"
}

{
  "timestamp": "2025-12-06T18:02:52.732610",
  "headers": {
    "Host": "192.168.50.54:5001",
    "User-Agent": "Sonarr/4.0.16.2944 (alpine 3.22.2)",
    "Connection": "close",
    "Accept": "application/json",
    "Accept-Encoding": "gzip, br",
    "Content-Type": "application/json",
    "Content-Length": "2297"
  },
  "payload": {
    "series": {
      "id": 12,
      "title": "Psych",
      "titleSlug": "psych",
      "path": "/media/library/tv/Psych",
      "tvdbId": 79335,
      "tvMazeId": 517,
      "tmdbId": 1447,
      "imdbId": "tt0491738",
      "type": "standard",
      "year": 2006,
      "genres": [
        "Comedy",
        "Crime",
        "Drama",
        "Mystery"
      ],
      "images": [
        {
          "coverType": "banner",
          "url": "/MediaCover/12/banner.jpg?lastWrite=639004914863208047",
          "remoteUrl": "https://artworks.thetvdb.com/banners/graphical/79335-g4.jpg"
        },
        {
          "coverType": "poster",
          "url": "/MediaCover/12/poster.jpg?lastWrite=639004914863308046",
          "remoteUrl": "https://artworks.thetvdb.com/banners/posters/79335-8.jpg"
        },
        {
          "coverType": "fanart",
          "url": "/MediaCover/12/fanart.jpg?lastWrite=639004914863498043",
          "remoteUrl": "https://artworks.thetvdb.com/banners/fanart/original/79335-18.jpg"
        },
        {
          "coverType": "clearlogo",
          "url": "/MediaCover/12/clearlogo.png?lastWrite=639004914863048050",
          "remoteUrl": "https://artworks.thetvdb.com/banners/v4/series/79335/clearlogo/611b5f273fd84.png"
        }
      ],
      "tags": [],
      "originalLanguage": {
        "id": 1,
        "name": "English"
      }
    },
    "episodes": [
      {
        "id": 804,
        "episodeNumber": 5,
        "seasonNumber": 0,
        "title": "Psych: The Movie",
        "overview": "The old gang comes together during the holidays after a mystery assailant targets one of their own.",
        "airDate": "2017-12-07",
        "airDateUtc": "2017-12-08T01:00:00Z",
        "seriesId": 12,
        "tvdbId": 6186418
      }
    ],
    "release": {
      "quality": "WEBRip-1080p",
      "qualityVersion": 1,
      "releaseTitle": "Psych The Movie (2017) WEBRip 1080p MP4",
      "indexer": "Knaben (Prowlarr)",
      "size": 1632087572,
      "customFormatScore": 0,
      "customFormats": [],
      "languages": [
        {
          "id": 1,
          "name": "English"
        }
      ]
    },
    "downloadClient": "qbittorrent",
    "downloadClientType": "qBittorrent",
    "downloadId": "50899263557875403B16A42B791C2D3BC2586423",
    "customFormatInfo": {
      "customFormats": [],
      "customFormatScore": 0
    },
    "eventType": "Grab",
    "instanceName": "Sonarr",
    "applicationUrl": ""
  },
  "raw_body": "{\n  \"series\": {\n    \"id\": 12,\n    \"title\": \"Psych\",\n    \"titleSlug\": \"psych\",\n    \"path\": \"/media/library/tv/Psych\",\n    \"tvdbId\": 79335,\n    \"tvMazeId\": 517,\n    \"tmdbId\": 1447,\n    \"imdbId\": \"tt0491738\",\n    \"type\": \"standard\",\n    \"year\": 2006,\n    \"genres\": [\n      \"Comedy\",\n      \"Crime\",\n      \"Drama\",\n      \"Mystery\"\n    ],\n    \"images\": [\n      {\n        \"coverType\": \"banner\",\n        \"url\": \"/MediaCover/12/banner.jpg?lastWrite=639004914863208047\",\n        \"remoteUrl\": \"https://artworks.thetvdb.com/banners/graphical/79335-g4.jpg\"\n      },\n      {\n        \"coverType\": \"poster\",\n        \"url\": \"/MediaCover/12/poster.jpg?lastWrite=639004914863308046\",\n        \"remoteUrl\": \"https://artworks.thetvdb.com/banners/posters/79335-8.jpg\"\n      },\n      {\n        \"coverType\": \"fanart\",\n        \"url\": \"/MediaCover/12/fanart.jpg?lastWrite=639004914863498043\",\n        \"remoteUrl\": \"https://artworks.thetvdb.com/banners/fanart/original/79335-18.jpg\"\n      },\n      {\n        \"coverType\": \"clearlogo\",\n        \"url\": \"/MediaCover/12/clearlogo.png?lastWrite=639004914863048050\",\n        \"remoteUrl\": \"https://artworks.thetvdb.com/banners/v4/series/79335/clearlogo/611b5f273fd84.png\"\n      }\n    ],\n    \"tags\": [],\n    \"originalLanguage\": {\n      \"id\": 1,\n      \"name\": \"English\"\n    }\n  },\n  \"episodes\": [\n    {\n      \"id\": 804,\n      \"episodeNumber\": 5,\n      \"seasonNumber\": 0,\n      \"title\": \"Psych: The Movie\",\n      \"overview\": \"The old gang comes together during the holidays after a mystery assailant targets one of their own.\",\n      \"airDate\": \"2017-12-07\",\n      \"airDateUtc\": \"2017-12-08T01:00:00Z\",\n      \"seriesId\": 12,\n      \"tvdbId\": 6186418\n    }\n  ],\n  \"release\": {\n    \"quality\": \"WEBRip-1080p\",\n    \"qualityVersion\": 1,\n    \"releaseTitle\": \"Psych The Movie (2017) WEBRip 1080p MP4\",\n    \"indexer\": \"Knaben (Prowlarr)\",\n    \"size\": 1632087572,\n    \"customFormatScore\": 0,\n    \"customFormats\": [],\n    \"languages\": [\n      {\n        \"id\": 1,\n        \"name\": \"English\"\n      }\n    ]\n  },\n  \"downloadClient\": \"qbittorrent\",\n  \"downloadClientType\": \"qBittorrent\",\n  \"downloadId\": \"50899263557875403B16A42B791C2D3BC2586423\",\n  \"customFormatInfo\": {\n    \"customFormats\": [],\n    \"customFormatScore\": 0\n  },\n  \"eventType\": \"Grab\",\n  \"instanceName\": \"Sonarr\",\n  \"applicationUrl\": \"\"\n}"
}

{
  "timestamp": "2025-12-06T19:45:37.205968",
  "headers": {
    "Host": "192.168.50.54:5001",
    "User-Agent": "Sonarr/4.0.16.2944 (alpine 3.22.2)",
    "Connection": "close",
    "Accept": "application/json",
    "Accept-Encoding": "gzip, br",
    "Content-Type": "application/json",
    "Content-Length": "2297"
  },
  "payload": {
    "series": {
      "id": 12,
      "title": "Psych",
      "titleSlug": "psych",
      "path": "/media/library/tv/Psych",
      "tvdbId": 79335,
      "tvMazeId": 517,
      "tmdbId": 1447,
      "imdbId": "tt0491738",
      "type": "standard",
      "year": 2006,
      "genres": [
        "Comedy",
        "Crime",
        "Drama",
        "Mystery"
      ],
      "images": [
        {
          "coverType": "banner",
          "url": "/MediaCover/12/banner.jpg?lastWrite=639004914863208047",
          "remoteUrl": "https://artworks.thetvdb.com/banners/graphical/79335-g4.jpg"
        },
        {
          "coverType": "poster",
          "url": "/MediaCover/12/poster.jpg?lastWrite=639004914863308046",
          "remoteUrl": "https://artworks.thetvdb.com/banners/posters/79335-8.jpg"
        },
        {
          "coverType": "fanart",
          "url": "/MediaCover/12/fanart.jpg?lastWrite=639004914863498043",
          "remoteUrl": "https://artworks.thetvdb.com/banners/fanart/original/79335-18.jpg"
        },
        {
          "coverType": "clearlogo",
          "url": "/MediaCover/12/clearlogo.png?lastWrite=639004914863048050",
          "remoteUrl": "https://artworks.thetvdb.com/banners/v4/series/79335/clearlogo/611b5f273fd84.png"
        }
      ],
      "tags": [],
      "originalLanguage": {
        "id": 1,
        "name": "English"
      }
    },
    "episodes": [
      {
        "id": 804,
        "episodeNumber": 5,
        "seasonNumber": 0,
        "title": "Psych: The Movie",
        "overview": "The old gang comes together during the holidays after a mystery assailant targets one of their own.",
        "airDate": "2017-12-07",
        "airDateUtc": "2017-12-08T01:00:00Z",
        "seriesId": 12,
        "tvdbId": 6186418
      }
    ],
    "release": {
      "quality": "WEBRip-1080p",
      "qualityVersion": 1,
      "releaseTitle": "Psych The Movie (2017) WEBRip 1080p MP4",
      "indexer": "Knaben (Prowlarr)",
      "size": 1632087572,
      "customFormatScore": 0,
      "customFormats": [],
      "languages": [
        {
          "id": 1,
          "name": "English"
        }
      ]
    },
    "downloadClient": "qbittorrent",
    "downloadClientType": "qBittorrent",
    "downloadId": "50899263557875403B16A42B791C2D3BC2586423",
    "customFormatInfo": {
      "customFormats": [],
      "customFormatScore": 0
    },
    "eventType": "Grab",
    "instanceName": "Sonarr",
    "applicationUrl": ""
  },
  "raw_body": "{\n  \"series\": {\n    \"id\": 12,\n    \"title\": \"Psych\",\n    \"titleSlug\": \"psych\",\n    \"path\": \"/media/library/tv/Psych\",\n    \"tvdbId\": 79335,\n    \"tvMazeId\": 517,\n    \"tmdbId\": 1447,\n    \"imdbId\": \"tt0491738\",\n    \"type\": \"standard\",\n    \"year\": 2006,\n    \"genres\": [\n      \"Comedy\",\n      \"Crime\",\n      \"Drama\",\n      \"Mystery\"\n    ],\n    \"images\": [\n      {\n        \"coverType\": \"banner\",\n        \"url\": \"/MediaCover/12/banner.jpg?lastWrite=639004914863208047\",\n        \"remoteUrl\": \"https://artworks.thetvdb.com/banners/graphical/79335-g4.jpg\"\n      },\n      {\n        \"coverType\": \"poster\",\n        \"url\": \"/MediaCover/12/poster.jpg?lastWrite=639004914863308046\",\n        \"remoteUrl\": \"https://artworks.thetvdb.com/banners/posters/79335-8.jpg\"\n      },\n      {\n        \"coverType\": \"fanart\",\n        \"url\": \"/MediaCover/12/fanart.jpg?lastWrite=639004914863498043\",\n        \"remoteUrl\": \"https://artworks.thetvdb.com/banners/fanart/original/79335-18.jpg\"\n      },\n      {\n        \"coverType\": \"clearlogo\",\n        \"url\": \"/MediaCover/12/clearlogo.png?lastWrite=639004914863048050\",\n        \"remoteUrl\": \"https://artworks.thetvdb.com/banners/v4/series/79335/clearlogo/611b5f273fd84.png\"\n      }\n    ],\n    \"tags\": [],\n    \"originalLanguage\": {\n      \"id\": 1,\n      \"name\": \"English\"\n    }\n  },\n  \"episodes\": [\n    {\n      \"id\": 804,\n      \"episodeNumber\": 5,\n      \"seasonNumber\": 0,\n      \"title\": \"Psych: The Movie\",\n      \"overview\": \"The old gang comes together during the holidays after a mystery assailant targets one of their own.\",\n      \"airDate\": \"2017-12-07\",\n      \"airDateUtc\": \"2017-12-08T01:00:00Z\",\n      \"seriesId\": 12,\n      \"tvdbId\": 6186418\n    }\n  ],\n  \"release\": {\n    \"quality\": \"WEBRip-1080p\",\n    \"qualityVersion\": 1,\n    \"releaseTitle\": \"Psych The Movie (2017) WEBRip 1080p MP4\",\n    \"indexer\": \"Knaben (Prowlarr)\",\n    \"size\": 1632087572,\n    \"customFormatScore\": 0,\n    \"customFormats\": [],\n    \"languages\": [\n      {\n        \"id\": 1,\n        \"name\": \"English\"\n      }\n    ]\n  },\n  \"downloadClient\": \"qbittorrent\",\n  \"downloadClientType\": \"qBittorrent\",\n  \"downloadId\": \"50899263557875403B16A42B791C2D3BC2586423\",\n  \"customFormatInfo\": {\n    \"customFormats\": [],\n    \"customFormatScore\": 0\n  },\n  \"eventType\": \"Grab\",\n  \"instanceName\": \"Sonarr\",\n  \"applicationUrl\": \"\"\n}"
}

